Determining if the pthread_create exist failed with the following output:
Change Dir: /root/caffe_lrcn/build/CMakeFiles/CMakeTmp

Run Build Command:/usr/bin/make "cmTryCompileExec3104065225/fast"
/usr/bin/make -f CMakeFiles/cmTryCompileExec3104065225.dir/build.make CMakeFiles/cmTryCompileExec3104065225.dir/build
make[1]: Entering directory `/root/caffe_lrcn/build/CMakeFiles/CMakeTmp'
/usr/bin/cmake -E cmake_progress_report /root/caffe_lrcn/build/CMakeFiles/CMakeTmp/CMakeFiles 1
Building C object CMakeFiles/cmTryCompileExec3104065225.dir/CheckSymbolExists.c.o
/usr/bin/cc    -o CMakeFiles/cmTryCompileExec3104065225.dir/CheckSymbolExists.c.o   -c /root/caffe_lrcn/build/CMakeFiles/CMakeTmp/CheckSymbolExists.c
Linking C executable cmTryCompileExec3104065225
/usr/bin/cmake -E cmake_link_script CMakeFiles/cmTryCompileExec3104065225.dir/link.txt --verbose=1
/usr/bin/cc       CMakeFiles/cmTryCompileExec3104065225.dir/CheckSymbolExists.c.o  -o cmTryCompileExec3104065225 -rdynamic 
CMakeFiles/cmTryCompileExec3104065225.dir/CheckSymbolExists.c.o: In function `main':
CheckSymbolExists.c:(.text+0x16): undefined reference to `pthread_create'
collect2: error: ld returned 1 exit status
make[1]: Leaving directory `/root/caffe_lrcn/build/CMakeFiles/CMakeTmp'
make[1]: *** [cmTryCompileExec3104065225] Error 1
make: *** [cmTryCompileExec3104065225/fast] Error 2

File /root/caffe_lrcn/build/CMakeFiles/CMakeTmp/CheckSymbolExists.c:
/* */
#include <pthread.h>

int main(int argc, char** argv)
{
  (void)argv;
#ifndef pthread_create
  return ((int*)(&pthread_create))[argc];
#else
  (void)argc;
  return 0;
#endif
}

Determining if the function pthread_create exists in the pthreads failed with the following output:
Change Dir: /root/caffe_lrcn/build/CMakeFiles/CMakeTmp

Run Build Command:/usr/bin/make "cmTryCompileExec4136442449/fast"
/usr/bin/make -f CMakeFiles/cmTryCompileExec4136442449.dir/build.make CMakeFiles/cmTryCompileExec4136442449.dir/build
make[1]: Entering directory `/root/caffe_lrcn/build/CMakeFiles/CMakeTmp'
/usr/bin/cmake -E cmake_progress_report /root/caffe_lrcn/build/CMakeFiles/CMakeTmp/CMakeFiles 1
Building C object CMakeFiles/cmTryCompileExec4136442449.dir/CheckFunctionExists.c.o
/usr/bin/cc   -DCHECK_FUNCTION_EXISTS=pthread_create   -o CMakeFiles/cmTryCompileExec4136442449.dir/CheckFunctionExists.c.o   -c /usr/share/cmake-2.8/Modules/CheckFunctionExists.c
Linking C executable cmTryCompileExec4136442449
/usr/bin/cmake -E cmake_link_script CMakeFiles/cmTryCompileExec4136442449.dir/link.txt --verbose=1
/usr/bin/cc   -DCHECK_FUNCTION_EXISTS=pthread_create    CMakeFiles/cmTryCompileExec4136442449.dir/CheckFunctionExists.c.o  -o cmTryCompileExec4136442449 -rdynamic -lpthreads 
/usr/bin/ld: cannot find -lpthreads
collect2: error: ld returned 1 exit status
make[1]: Leaving directory `/root/caffe_lrcn/build/CMakeFiles/CMakeTmp'
make[1]: *** [cmTryCompileExec4136442449] Error 1
make: *** [cmTryCompileExec4136442449/fast] Error 2


